This is pdfTeXk, Version 3.1415926-1.40.9 (Web2C 7.5.7) (format=pdflatex 2009.6.20)  15 MAR 2010 18:49
entering extended mode
 %&-line parsing enabled.
**SeqCom.tex
(./SeqCom.tex
LaTeX2e <2005/12/01>
Babel <v3.8l> and hyphenation patterns for english, usenglishmax, dumylang, noh
yphenation, german-x-2008-06-18, ngerman-x-2008-06-18, ancientgreek, ibycus, ar
abic, basque, bulgarian, catalan, pinyin, coptic, croatian, czech, danish, dutc
h, esperanto, estonian, farsi, finnish, french, galician, german, ngerman, mono
greek, greek, hungarian, icelandic, indonesian, interlingua, irish, italian, la
tin, lithuanian, mongolian, mongolian2a, bokmal, nynorsk, polish, portuguese, r
omanian, russian, sanskrit, serbian, slovak, slovenian, spanish, swedish, turki
sh, ukenglish, ukrainian, uppersorbian, welsh, loaded.
(/usr/local/texlive/2008/texmf-dist/tex/latex/base/report.cls
Document Class: report 2005/09/16 v1.4f Standard LaTeX document class
(/usr/local/texlive/2008/texmf-dist/tex/latex/base/size10.clo
File: size10.clo 2005/09/16 v1.4f Standard LaTeX file (size option)
)
\c@part=\count79
\c@chapter=\count80
\c@section=\count81
\c@subsection=\count82
\c@subsubsection=\count83
\c@paragraph=\count84
\c@subparagraph=\count85
\c@figure=\count86
\c@table=\count87
\abovecaptionskip=\skip41
\belowcaptionskip=\skip42
\bibindent=\dimen102
)
(/usr/local/texlive/2008/texmf-dist/tex/latex/amsmath/amstext.sty
Package: amstext 2000/06/29 v2.01

(/usr/local/texlive/2008/texmf-dist/tex/latex/amsmath/amsgen.sty
File: amsgen.sty 1999/11/30 v2.0
\@emptytoks=\toks14
\ex@=\dimen103
))
(/usr/local/texlive/2008/texmf-dist/tex/latex/amsfonts/amssymb.sty
Package: amssymb 2002/01/22 v2.2d

(/usr/local/texlive/2008/texmf-dist/tex/latex/amsfonts/amsfonts.sty
Package: amsfonts 2001/10/25 v2.2f
\symAMSa=\mathgroup4
\symAMSb=\mathgroup5
LaTeX Font Info:    Overwriting math alphabet `\mathfrak' in version `bold'
(Font)                  U/euf/m/n --> U/euf/b/n on input line 132.
))
(/usr/local/texlive/2008/texmf-dist/tex/latex/stmaryrd/stmaryrd.sty
Package: stmaryrd 1994/03/03 St Mary's Road symbol package
\symstmry=\mathgroup6
LaTeX Font Info:    Overwriting symbol font `stmry' in version `bold'
(Font)                  U/stmry/m/n --> U/stmry/b/n on input line 89.
)
(/usr/local/texlive/2008/texmf-dist/tex/latex/polytable/polytable.sty
Package: polytable 2005/04/26 v0.8.2 `polytable' package (Andres Loeh)

(/usr/local/texlive/2008/texmf-dist/tex/latex/lazylist/lazylist.sty)
(/usr/local/texlive/2008/texmf-dist/tex/latex/tools/array.sty
Package: array 2005/08/23 v2.4b Tabular extension package (FMi)
\col@sep=\dimen104
\extrarowheight=\dimen105
\NC@list=\toks15
\extratabsurround=\skip43
\backup@length=\skip44
)
\PT@colwidth=\dimen106
\PT@cols=\count88
\PT@table=\count89
\PT@toks=\toks16
\PT@in=\read1
\PT@out=\write3
)
\mathindent=\dimen107
\blanklineskip=\skip45

(/usr/local/texlive/2008/texmf-dist/tex/latex/tools/calc.sty
Package: calc 2005/08/06 v4.2 Infix arithmetic (KKT,FJ)
\calc@Acount=\count90
\calc@Bcount=\count91
\calc@Adimen=\dimen108
\calc@Bdimen=\dimen109
\calc@Askip=\skip46
\calc@Bskip=\skip47
LaTeX Info: Redefining \setlength on input line 75.
LaTeX Info: Redefining \addtolength on input line 76.
\calc@Ccount=\count92
\calc@Cskip=\skip48
)

LaTeX Warning: Unused global option(s):
    [8pt].

(./SeqCom.aux)
\openout1 = `SeqCom.aux'.

LaTeX Font Info:    Checking defaults for OML/cmm/m/it on input line 262.
LaTeX Font Info:    ... okay on input line 262.
LaTeX Font Info:    Checking defaults for T1/cmr/m/n on input line 262.
LaTeX Font Info:    ... okay on input line 262.
LaTeX Font Info:    Checking defaults for OT1/cmr/m/n on input line 262.
LaTeX Font Info:    ... okay on input line 262.
LaTeX Font Info:    Checking defaults for OMS/cmsy/m/n on input line 262.
LaTeX Font Info:    ... okay on input line 262.
LaTeX Font Info:    Checking defaults for OMX/cmex/m/n on input line 262.
LaTeX Font Info:    ... okay on input line 262.
LaTeX Font Info:    Checking defaults for U/cmr/m/n on input line 262.
LaTeX Font Info:    ... okay on input line 262.
LaTeX Font Info:    Try loading font information for U+msa on input line 268.
 (/usr/local/texlive/2008/texmf-dist/tex/latex/amsfonts/umsa.fd
File: umsa.fd 2002/01/19 v2.2g AMS font definitions
)
LaTeX Font Info:    Try loading font information for U+msb on input line 268.

(/usr/local/texlive/2008/texmf-dist/tex/latex/amsfonts/umsb.fd
File: umsb.fd 2002/01/19 v2.2g AMS font definitions
)
LaTeX Font Info:    Try loading font information for U+stmry on input line 268.


(/usr/local/texlive/2008/texmf-dist/tex/latex/stmaryrd/Ustmry.fd)
\openout3 = `SeqCom.ptb'.

\openout3 = `SeqCom.ptb'.

 [1

{/usr/local/texlive/2008/texmf-var/fonts/map/pdftex/updmap/pdftex.map}]
\openout3 = `SeqCom.ptb'.

\openout3 = `SeqCom.ptb'.


Overfull \hbox (280.48491pt too wide) in paragraph at lines 385--432
 [][] 
 []


Overfull \hbox (280.48491pt too wide) in paragraph at lines 385--432
 [][][][] 
 []


Overfull \hbox (280.48491pt too wide) in paragraph at lines 385--432
 [][][][][][] 
 []


Overfull \hbox (280.48491pt too wide) in paragraph at lines 385--432
 [][][][] 
 []


Overfull \hbox (280.48491pt too wide) in paragraph at lines 385--432
 [][][][][][][][] 
 []


Overfull \hbox (280.48491pt too wide) in paragraph at lines 385--432
 [][][][] 
 []


Overfull \hbox (280.48491pt too wide) in paragraph at lines 385--432
 [][][][] 
 []


Overfull \hbox (280.48491pt too wide) in paragraph at lines 385--432
 [][][][][][] 
 []


Overfull \hbox (280.48491pt too wide) in paragraph at lines 385--432
 [][][][] 
 []


Overfull \hbox (280.48491pt too wide) in paragraph at lines 385--432
 [][][][] 
 []


Overfull \hbox (280.48491pt too wide) in paragraph at lines 385--432
 [][][][] 
 []

\openout3 = `SeqCom.ptb'.


Overfull \hbox (292.34114pt too wide) in paragraph at lines 437--484
 [][][][] 
 []


Overfull \hbox (292.34114pt too wide) in paragraph at lines 437--484
 [][] 
 []


Overfull \hbox (292.34114pt too wide) in paragraph at lines 437--484
 [][][][][][] 
 []


Overfull \hbox (292.34114pt too wide) in paragraph at lines 437--484
 [][][][][][] 
 []


Overfull \hbox (292.34114pt too wide) in paragraph at lines 437--484
 [][][][][][][][] 
 []


Overfull \hbox (292.34114pt too wide) in paragraph at lines 437--484
 [][][][][][] 
 []


Overfull \hbox (292.34114pt too wide) in paragraph at lines 437--484
 [][] 
 []


Overfull \hbox (292.34114pt too wide) in paragraph at lines 437--484
 [][] 
 []


Overfull \hbox (292.34114pt too wide) in paragraph at lines 437--484
 [][] 
 []


Overfull \hbox (292.34114pt too wide) in paragraph at lines 437--484
 [][][][] 
 []


Overfull \hbox (292.34114pt too wide) in paragraph at lines 437--484
 [][][][][][] 
 []


Overfull \hbox (292.34114pt too wide) in paragraph at lines 437--484
 [][][][] 
 []

[2]
\openout3 = `SeqCom.ptb'.


Overfull \hbox (67.08672pt too wide) in paragraph at lines 489--536
 [][] 
 []


Overfull \hbox (67.08672pt too wide) in paragraph at lines 489--536
 [][] 
 []


Overfull \hbox (67.08672pt too wide) in paragraph at lines 489--536
 [][][][][][] 
 []


Overfull \hbox (67.08672pt too wide) in paragraph at lines 489--536
 [][][][] 
 []


Overfull \hbox (67.08672pt too wide) in paragraph at lines 489--536
 [][][][] 
 []


Overfull \hbox (67.08672pt too wide) in paragraph at lines 489--536
 [][][][] 
 []


Overfull \hbox (67.08672pt too wide) in paragraph at lines 489--536
 [][][][][][] 
 []


Overfull \hbox (67.08672pt too wide) in paragraph at lines 489--536
 [][][][] 
 []


Overfull \hbox (67.08672pt too wide) in paragraph at lines 489--536
 [][][][][][] 
 []


Overfull \hbox (67.08672pt too wide) in paragraph at lines 489--536
 [][][][] 
 []


Overfull \hbox (67.08672pt too wide) in paragraph at lines 489--536
 [][][][] 
 []


Overfull \hbox (67.08672pt too wide) in paragraph at lines 489--536
 [][][][] 
 []

\openout3 = `SeqCom.ptb'.


Overfull \hbox (107.69908pt too wide) in paragraph at lines 542--600
 [][] 
 []


Overfull \hbox (107.69908pt too wide) in paragraph at lines 542--600
 [][] 
 []


Overfull \hbox (107.69908pt too wide) in paragraph at lines 542--600
 [][][][] 
 []


Overfull \hbox (107.69908pt too wide) in paragraph at lines 542--600
 [][][][][][] 
 []


Overfull \hbox (107.69908pt too wide) in paragraph at lines 542--600
 [][] 
 []


Overfull \hbox (107.69908pt too wide) in paragraph at lines 542--600
 [][][][] 
 []


Overfull \hbox (107.69908pt too wide) in paragraph at lines 542--600
 [][][][][][] 
 []


Overfull \hbox (107.69908pt too wide) in paragraph at lines 542--600
 [][][][] 
 []


Overfull \hbox (107.69908pt too wide) in paragraph at lines 542--600
 [][] 
 []


Overfull \hbox (107.69908pt too wide) in paragraph at lines 542--600
 [][][][][][] 
 []


Overfull \hbox (107.69908pt too wide) in paragraph at lines 542--600
 [][] 
 []


Overfull \hbox (107.69908pt too wide) in paragraph at lines 542--600
 [][] 
 []


Overfull \hbox (107.69908pt too wide) in paragraph at lines 542--600
 [][][][] 
 []


Overfull \hbox (107.69908pt too wide) in paragraph at lines 542--600
 [][][][] 
 []


Overfull \hbox (107.69908pt too wide) in paragraph at lines 542--600
 [][][][] 
 []


Overfull \hbox (107.69908pt too wide) in paragraph at lines 542--600
 [][][][][][] 
 []

[3]
\openout3 = `SeqCom.ptb'.


Overfull \hbox (88.75177pt too wide) in paragraph at lines 617--643
 [][] 
 []


Overfull \hbox (88.75177pt too wide) in paragraph at lines 617--643
 [][] 
 []


Overfull \hbox (88.75177pt too wide) in paragraph at lines 617--643
 [][][][][][] 
 []


Overfull \hbox (88.75177pt too wide) in paragraph at lines 617--643
 [][][][] 
 []


Overfull \hbox (88.75177pt too wide) in paragraph at lines 617--643
 [][][][] 
 []


Overfull \hbox (88.75177pt too wide) in paragraph at lines 617--643
 [][][][] 
 []


Overfull \hbox (88.75177pt too wide) in paragraph at lines 617--643
 [][] 
 []

\openout3 = `SeqCom.ptb'.

\openout3 = `SeqCom.ptb'.

\openout3 = `SeqCom.ptb'.


Overfull \hbox (165.79723pt too wide) in paragraph at lines 705--786
 [][] 
 []


Overfull \hbox (165.79723pt too wide) in paragraph at lines 705--786
 [][] 
 []


Overfull \hbox (165.79723pt too wide) in paragraph at lines 705--786
 [][][][] 
 []


Overfull \hbox (165.79723pt too wide) in paragraph at lines 705--786
 [][][][][][] 
 []


Overfull \hbox (165.79723pt too wide) in paragraph at lines 705--786
 [][][][][][] 
 []


Overfull \hbox (165.79723pt too wide) in paragraph at lines 705--786
 [][][][][][] 
 []


Overfull \hbox (165.79723pt too wide) in paragraph at lines 705--786
 [][][][][][] 
 []


Overfull \hbox (165.79723pt too wide) in paragraph at lines 705--786
 [][][][][][] 
 []


Overfull \hbox (165.79723pt too wide) in paragraph at lines 705--786
 [][][][] 
 []


Overfull \hbox (165.79723pt too wide) in paragraph at lines 705--786
 [][][][] 
 []


Overfull \hbox (165.79723pt too wide) in paragraph at lines 705--786
 [][][][] 
 []


Overfull \hbox (165.79723pt too wide) in paragraph at lines 705--786
 [][] 
 []


Overfull \hbox (165.79723pt too wide) in paragraph at lines 705--786
 [][] 
 []


Overfull \hbox (165.79723pt too wide) in paragraph at lines 705--786
 [][][][] 
 []


Overfull \hbox (165.79723pt too wide) in paragraph at lines 705--786
 [][][][][][] 
 []


Overfull \hbox (165.79723pt too wide) in paragraph at lines 705--786
 [][] 
 []


Overfull \hbox (165.79723pt too wide) in paragraph at lines 705--786
 [][] 
 []


Overfull \hbox (165.79723pt too wide) in paragraph at lines 705--786
 [][] 
 []


Overfull \hbox (165.79723pt too wide) in paragraph at lines 705--786
 [][] 
 []


Overfull \hbox (165.79723pt too wide) in paragraph at lines 705--786
 [][] 
 []


Overfull \hbox (165.79723pt too wide) in paragraph at lines 705--786
 [][] 
 []


Overfull \hbox (165.79723pt too wide) in paragraph at lines 705--786
 [][][][] 
 []


Overfull \hbox (165.79723pt too wide) in paragraph at lines 705--786
 [][][][] 
 []


Overfull \hbox (165.79723pt too wide) in paragraph at lines 705--786
 [][][][] 
 []


Overfull \hbox (165.79723pt too wide) in paragraph at lines 705--786
 [][][][] 
 []


Overfull \hbox (165.79723pt too wide) in paragraph at lines 705--786
 [][][][] 
 []

[4]
\openout3 = `SeqCom.ptb'.


! Misplaced alignment tab character &.
<argument> \onelinecomment | (isInst (rt ! s) &
                                               & isInst (rt ! t))
l.1098 \end{hscode}
                   \resethooks
? 
! Misplaced alignment tab character &.
<argument> \onelinecomment | (isInst (rt ! s) &&
                                                 isInst (rt ! t))
l.1098 \end{hscode}
                   \resethooks
? 
! Misplaced alignment tab character &.
<argument> \onelinecomment | (isInst (rt ! s) &
                                               & isInst (rt ! t))
l.1098 \end{hscode}
                   \resethooks
? 
! Misplaced alignment tab character &.
<argument> \onelinecomment | (isInst (rt ! s) &&
                                                 isInst (rt ! t))
l.1098 \end{hscode}
                   \resethooks
? 
! Misplaced alignment tab character &.
<argument> \onelinecomment | (isInst (rt ! s) &
                                               & isInst (rt ! t))
l.1098 \end{hscode}
                   \resethooks
? 
! Misplaced alignment tab character &.
<argument> \onelinecomment | (isInst (rt ! s) &&
                                                 isInst (rt ! t))
l.1098 \end{hscode}
                   \resethooks
? 
! Misplaced alignment tab character &.
<argument> \onelinecomment | (isInst (rt ! s) &
                                               & isInst (rt ! t))
l.1098 \end{hscode}
                   \resethooks
? 
! Misplaced alignment tab character &.
<argument> \onelinecomment | (isInst (rt ! s) &&
                                                 isInst (rt ! t))
l.1098 \end{hscode}
                   \resethooks
? 

Overfull \hbox (339.4981pt too wide) in paragraph at lines 793--1098
 [][] 
 []


Overfull \hbox (339.4981pt too wide) in paragraph at lines 793--1098
 [][] 
 []


Overfull \hbox (339.4981pt too wide) in paragraph at lines 793--1098
 [][][][][][] 
 []


Overfull \hbox (339.4981pt too wide) in paragraph at lines 793--1098
 [][] 
 []


Overfull \hbox (339.4981pt too wide) in paragraph at lines 793--1098
 [][][][][][] 
 []


Overfull \hbox (339.4981pt too wide) in paragraph at lines 793--1098
 [][][][][][] 
 []


Overfull \hbox (339.4981pt too wide) in paragraph at lines 793--1098
 [][][][] 
 []


Overfull \hbox (339.4981pt too wide) in paragraph at lines 793--1098
 [][] 
 []


Overfull \hbox (339.4981pt too wide) in paragraph at lines 793--1098
 [][][][] 
 []


Overfull \hbox (339.4981pt too wide) in paragraph at lines 793--1098
 [][] 
 []


Overfull \hbox (339.4981pt too wide) in paragraph at lines 793--1098
 [][] 
 []


Overfull \hbox (339.4981pt too wide) in paragraph at lines 793--1098
 [][][][] 
 []


Overfull \hbox (339.4981pt too wide) in paragraph at lines 793--1098
 [][][][][][] 
 []


Overfull \hbox (339.4981pt too wide) in paragraph at lines 793--1098
 [][][][][][] 
 []


Overfull \hbox (339.4981pt too wide) in paragraph at lines 793--1098
 [][] 
 []


Overfull \hbox (339.4981pt too wide) in paragraph at lines 793--1098
 [][] 
 []


Overfull \hbox (339.4981pt too wide) in paragraph at lines 793--1098
 [][][][] 
 []


Overfull \hbox (339.4981pt too wide) in paragraph at lines 793--1098
 [][][][] 
 []


Overfull \hbox (339.4981pt too wide) in paragraph at lines 793--1098
 [][][][][][][][] 
 []


Overfull \hbox (339.4981pt too wide) in paragraph at lines 793--1098
 [][][][][][] 
 []


Overfull \hbox (339.4981pt too wide) in paragraph at lines 793--1098
 [][][][] 
 []


Overfull \hbox (339.4981pt too wide) in paragraph at lines 793--1098
 [][][][] 
 []


Overfull \hbox (339.4981pt too wide) in paragraph at lines 793--1098
 [][] 
 []


Overfull \hbox (339.4981pt too wide) in paragraph at lines 793--1098
 [][] 
 []


Overfull \hbox (339.4981pt too wide) in paragraph at lines 793--1098
 [][] 
 []


Overfull \hbox (339.4981pt too wide) in paragraph at lines 793--1098
 [][] 
 []


Overfull \hbox (339.4981pt too wide) in paragraph at lines 793--1098
 [][] 
 []


Overfull \hbox (339.4981pt too wide) in paragraph at lines 793--1098
 [][] 
 []


Overfull \hbox (339.4981pt too wide) in paragraph at lines 793--1098
 [][] 
 []


Overfull \hbox (339.4981pt too wide) in paragraph at lines 793--1098
 [][][][][][] 
 []


Overfull \hbox (339.4981pt too wide) in paragraph at lines 793--1098
 [][][][][][] 
 []


Overfull \hbox (339.4981pt too wide) in paragraph at lines 793--1098
 [][][][] 
 []


Overfull \hbox (339.4981pt too wide) in paragraph at lines 793--1098
 [][][][] 
 []


Overfull \hbox (339.4981pt too wide) in paragraph at lines 793--1098
 [][][][] 
 []


Overfull \hbox (339.4981pt too wide) in paragraph at lines 793--1098
 [][][][] 
 []


Overfull \hbox (339.4981pt too wide) in paragraph at lines 793--1098
 [][][][][][] 
 []


Overfull \hbox (339.4981pt too wide) in paragraph at lines 793--1098
 [][][][] 
 []


Overfull \hbox (339.4981pt too wide) in paragraph at lines 793--1098
 [][][][] 
 []


Overfull \hbox (339.4981pt too wide) in paragraph at lines 793--1098
 [][][][] 
 []


Overfull \hbox (339.4981pt too wide) in paragraph at lines 793--1098
 [][][][] 
 []


Overfull \hbox (339.4981pt too wide) in paragraph at lines 793--1098
 [][][][] 
 []


Overfull \hbox (339.4981pt too wide) in paragraph at lines 793--1098
 [][] 
 []


Overfull \hbox (339.4981pt too wide) in paragraph at lines 793--1098
 [][][][] 
 []


Overfull \hbox (339.4981pt too wide) in paragraph at lines 793--1098
 [][] 
 []


Overfull \hbox (339.4981pt too wide) in paragraph at lines 793--1098
 [][][][] 
 []


Overfull \hbox (339.4981pt too wide) in paragraph at lines 793--1098
 [][] 
 []


Overfull \hbox (339.4981pt too wide) in paragraph at lines 793--1098
 [][][][] 
 []


Overfull \hbox (339.4981pt too wide) in paragraph at lines 793--1098
 [][] 
 []


Overfull \hbox (339.4981pt too wide) in paragraph at lines 793--1098
 [][] 
 []


Overfull \hbox (339.4981pt too wide) in paragraph at lines 793--1098
 [][] 
 []


Overfull \hbox (339.4981pt too wide) in paragraph at lines 793--1098
 [][] 
 []


Overfull \hbox (339.4981pt too wide) in paragraph at lines 793--1098
 [][] 
 []


Overfull \hbox (339.4981pt too wide) in paragraph at lines 793--1098
 [][][][] 
 []


Overfull \hbox (339.4981pt too wide) in paragraph at lines 793--1098
 [][] 
 []


Overfull \hbox (339.4981pt too wide) in paragraph at lines 793--1098
 [][] 
 []


Overfull \hbox (339.4981pt too wide) in paragraph at lines 793--1098
 [][][][] 
 []


Overfull \hbox (339.4981pt too wide) in paragraph at lines 793--1098
 [][][][][][] 
 []


Overfull \hbox (339.4981pt too wide) in paragraph at lines 793--1098
 [][][][] 
 []


Overfull \hbox (339.4981pt too wide) in paragraph at lines 793--1098
 [][][][] 
 []


Overfull \hbox (339.4981pt too wide) in paragraph at lines 793--1098
 [][][][][][] 
 []


Overfull \hbox (339.4981pt too wide) in paragraph at lines 793--1098
 [][][][][][] 
 []


Overfull \hbox (339.4981pt too wide) in paragraph at lines 793--1098
 [][][][][][] 
 []


Overfull \hbox (339.4981pt too wide) in paragraph at lines 793--1098
 [][][][] 
 []


Overfull \hbox (339.4981pt too wide) in paragraph at lines 793--1098
 [][][][] 
 []


Overfull \hbox (339.4981pt too wide) in paragraph at lines 793--1098
 [][][][][][] 
 []


Overfull \hbox (339.4981pt too wide) in paragraph at lines 793--1098
 [][][][] 
 []


Overfull \hbox (339.4981pt too wide) in paragraph at lines 793--1098
 [][][][] 
 []


Overfull \hbox (339.4981pt too wide) in paragraph at lines 793--1098
 [][][][][][][][] 
 []


Overfull \hbox (339.4981pt too wide) in paragraph at lines 793--1098
 [][][][] 
 []


Overfull \hbox (339.4981pt too wide) in paragraph at lines 793--1098
 [][][][][][] 
 []


Overfull \hbox (339.4981pt too wide) in paragraph at lines 793--1098
 [][] 
 []


Overfull \hbox (339.4981pt too wide) in paragraph at lines 793--1098
 [][] 
 []


Overfull \hbox (339.4981pt too wide) in paragraph at lines 793--1098
 [][][][][][] 
 []


Overfull \hbox (339.4981pt too wide) in paragraph at lines 793--1098
 [][][][][][] 
 []


Overfull \hbox (339.4981pt too wide) in paragraph at lines 793--1098
 [][][][] 
 []


Overfull \hbox (339.4981pt too wide) in paragraph at lines 793--1098
 [][] 
 []


Overfull \hbox (339.4981pt too wide) in paragraph at lines 793--1098
 [][][][] 
 []


Overfull \hbox (339.4981pt too wide) in paragraph at lines 793--1098
 [][][][] 
 []


Overfull \hbox (339.4981pt too wide) in paragraph at lines 793--1098
 [][][][] 
 []


Overfull \hbox (339.4981pt too wide) in paragraph at lines 793--1098
 [][][][] 
 []


Overfull \hbox (339.4981pt too wide) in paragraph at lines 793--1098
 [][][][] 
 []


Overfull \hbox (339.4981pt too wide) in paragraph at lines 793--1098
 [][][][] 
 []


Overfull \hbox (339.4981pt too wide) in paragraph at lines 793--1098
 [][][][][][][][] 
 []


Overfull \hbox (339.4981pt too wide) in paragraph at lines 793--1098
 [][] 
 []


Overfull \hbox (339.4981pt too wide) in paragraph at lines 793--1098
 [][] 
 []


Overfull \hbox (339.4981pt too wide) in paragraph at lines 793--1098
 [][][][] 
 []


Overfull \hbox (339.4981pt too wide) in paragraph at lines 793--1098
 [][][][][][] 
 []


Overfull \hbox (339.4981pt too wide) in paragraph at lines 793--1098
 [][][][] 
 []


Overfull \hbox (339.4981pt too wide) in paragraph at lines 793--1098
 [][][][] 
 []


Overfull \hbox (339.4981pt too wide) in paragraph at lines 793--1098
 [][][][] 
 []

[5] [6] [7] (./SeqCom.aux) ) 
Here is how much of TeX's memory you used:
 1469 strings out of 493876
 18358 string characters out of 1150568
 111003 words of memory out of 3000000
 4768 multiletter control sequences out of 10000+50000
 8527 words of font info for 33 fonts, out of 3000000 for 5000
 714 hyphenation exceptions out of 8191
 47i,7n,171p,403b,1395s stack positions out of 5000i,500n,10000p,200000b,50000s
</usr/local/texlive/2008/texmf-dist/fonts/type1/blu
esky/cm/cmbx10.pfb></usr/local/texlive/2008/texmf-dist/fonts/type1/bluesky/cm/c
mbx12.pfb></usr/local/texlive/2008/texmf-dist/fonts/type1/bluesky/cm/cmmi10.pfb
></usr/local/texlive/2008/texmf-dist/fonts/type1/bluesky/cm/cmmi7.pfb></usr/loc
al/texlive/2008/texmf-dist/fonts/type1/bluesky/cm/cmr10.pfb></usr/local/texlive
/2008/texmf-dist/fonts/type1/bluesky/cm/cmsy10.pfb></usr/local/texlive/2008/tex
mf-dist/fonts/type1/bluesky/cm/cmsy7.pfb></usr/local/texlive/2008/texmf-dist/fo
nts/type1/bluesky/cm/cmti10.pfb></usr/local/texlive/2008/texmf-dist/fonts/type1
/bluesky/ams/msam10.pfb>
Output written on SeqCom.pdf (7 pages, 80722 bytes).
PDF statistics:
 62 PDF objects out of 1000 (max. 8388607)
 0 named destinations out of 1000 (max. 131072)
 1 words of extra memory for PDF output out of 10000 (max. 10000000)

